#
# A fatal error has been detected by the Java Runtime Environment:
#
#  EXCEPTION_ACCESS_VIOLATION (0xc0000005) at pc=0x000016a6, pid=11464, tid=14720
#
# JRE version: Java(TM) SE Runtime Environment (8.0_25-b18) (build 1.8.0_25-b18)
# Java VM: Java HotSpot(TM) Client VM (25.25-b02 mixed mode windows-x86 )
# Problematic frame:
# C  0x000016a6
#
# Failed to write core dump. Minidumps are not enabled by default on client versions of Windows
#
# If you would like to submit a bug report, please visit:
#   http://bugreport.sun.com/bugreport/crash.jsp
#

---------------  T H R E A D  ---------------

Current thread (0x16ea2000):  JavaThread "C1 CompilerThread0" daemon [_thread_in_vm, id=14720, stack(0x177d0000,0x17820000)]

siginfo: ExceptionCode=0xc0000005, ExceptionInformation=0x00000008 0x000016a6

Registers:
EAX=0x000016a6, EBX=0x179a6f88, ECX=0x16a6bf48, EDX=0x16e63c86
ESP=0x1781f508, EBP=0x1781f528, ESI=0x16ea2000, EDI=0x16a6bf48
EIP=0x000016a6, EFLAGS=0x00010287

Top of Stack: (sp=0x1781f508)
0x1781f508:   69cd35e8 179a70a0 179a6f88 00000055
0x1781f518:   179a70a0 179a6f88 00000000 179a6f88
0x1781f528:   1781f548 69cd383e 16a6bf48 0c00b5e8
0x1781f538:   179a6f88 00000000 1781f55c 00000055
0x1781f548:   1781f560 69cd5824 16a6bf48 1781f5d4
0x1781f558:   1781f5d0 00000000 1781f57c 69cc8bb3
0x1781f568:   0c00b5e8 0483c458 17b0aed8 16ea2000
0x1781f578:   16ea2000 1781f6d8 69d168c9 17b0aed8 

Instructions: (pc=0x000016a6)
0x00001686:   
[error occurred during error reporting (printing registers, top of stack, instructions near pc), id 0xc0000005]

Register to memory mapping:

EAX=0x000016a6 is an unknown value
EBX=0x179a6f88 is an unknown value
ECX=0x16a6bf48 is pointing into metadata
EDX=0x16e63c86 is an unknown value
ESP=0x1781f508 is pointing into the stack for thread: 0x16ea2000
EBP=0x1781f528 is pointing into the stack for thread: 0x16ea2000
ESI=0x16ea2000 is a thread
EDI=0x16a6bf48 is pointing into metadata


Stack: [0x177d0000,0x17820000],  sp=0x1781f508,  free space=317k
Native frames: (J=compiled Java code, j=interpreted, Vv=VM code, C=native code)
C  0x000016a6
V  [jvm.dll+0x2383e]
V  [jvm.dll+0x25824]
V  [jvm.dll+0x18bb3]
V  [jvm.dll+0x668c9]
V  [jvm.dll+0x67089]
V  [jvm.dll+0x1698cc]
V  [jvm.dll+0x16a15a]
V  [jvm.dll+0x1aee06]
C  [msvcr100.dll+0x5c556]
C  [msvcr100.dll+0x5c600]
C  [KERNEL32.DLL+0x18654]
C  [ntdll.dll+0x64a47]
C  [ntdll.dll+0x64a17]
C  0x00000000


Current CompileTask:
C1:  58047  723  s          java.lang.Throwable::fillInStackTrace (29 bytes)


---------------  P R O C E S S  ---------------

Java Threads: ( => current thread )
  0x17bb7c00 JavaThread "Abandoned connection cleanup thread" daemon [_thread_blocked, id=9292, stack(0x195e0000,0x19630000)]
  0x17b6a800 JavaThread "D3D Screen Updater" daemon [_thread_blocked, id=10880, stack(0x19ea0000,0x19ef0000)]
  0x17b43000 JavaThread "TimerQueue" daemon [_thread_blocked, id=9160, stack(0x19d10000,0x19d60000)]
  0x17b10000 JavaThread "AWT-EventQueue-0" [_thread_blocked, id=2920, stack(0x19b80000,0x19bd0000)]
  0x179a0800 JavaThread "AWT-Windows" daemon [_thread_in_native, id=1148, stack(0x18010000,0x18060000)]
  0x1799f400 JavaThread "AWT-Shutdown" [_thread_blocked, id=1092, stack(0x17f30000,0x17f80000)]
  0x1799a800 JavaThread "Java2D Disposer" daemon [_thread_blocked, id=5740, stack(0x17ea0000,0x17ef0000)]
  0x16eb6800 JavaThread "Service Thread" daemon [_thread_blocked, id=15808, stack(0x17860000,0x178b0000)]
=>0x16ea2000 JavaThread "C1 CompilerThread0" daemon [_thread_in_vm, id=14720, stack(0x177d0000,0x17820000)]
  0x16e9ac00 JavaThread "JDWP Command Reader" daemon [_thread_in_native, id=12392, stack(0x17740000,0x17790000)]
  0x16e95c00 JavaThread "JDWP Event Helper Thread" daemon [_thread_blocked, id=3676, stack(0x176b0000,0x17700000)]
  0x16e93800 JavaThread "JDWP Transport Listener: dt_socket" daemon [_thread_blocked, id=15512, stack(0x17620000,0x17670000)]
  0x16e84000 JavaThread "Attach Listener" daemon [_thread_blocked, id=7588, stack(0x17250000,0x172a0000)]
  0x16e8ec00 JavaThread "Signal Dispatcher" daemon [_thread_blocked, id=14296, stack(0x171c0000,0x17210000)]
  0x16e65000 JavaThread "Finalizer" daemon [_thread_blocked, id=10536, stack(0x17130000,0x17180000)]
  0x0493e400 JavaThread "Reference Handler" daemon [_thread_blocked, id=13416, stack(0x170a0000,0x170f0000)]
  0x0483d400 JavaThread "main" [_thread_in_vm, id=15796, stack(0x00d80000,0x00dd0000)]

Other Threads:
  0x0493bc00 VMThread [stack: 0x069a0000,0x069f0000] [id=12148]
  0x16ec0000 WatcherThread [stack: 0x178f0000,0x17940000] [id=892]

VM state:not at safepoint (normal execution)

VM Mutex/Monitor currently owned by a thread: None

Heap:
 def new generation   total 5568K, used 5060K [0x06a00000, 0x07000000, 0x0bf50000)
  eden space 4992K, 100% used [0x06a00000, 0x06ee0000, 0x06ee0000)
  from space 576K,  11% used [0x06ee0000, 0x06ef13d8, 0x06f70000)
  to   space 576K,   0% used [0x06f70000, 0x06f70000, 0x07000000)
 tenured generation   total 19668K, used 14801K [0x0bf50000, 0x0d285000, 0x16a00000)
   the space 19668K,  75% used [0x0bf50000, 0x0cdc4690, 0x0cdc4800, 0x0d285000)
 Metaspace       used 8557K, capacity 8703K, committed 8832K, reserved 9600K

Card table byte_map: [0x04790000,0x04820000] byte_map_base: 0x0475b000

Polling page: 0x00d50000

CodeCache: size=32768Kb used=1699Kb max_used=1699Kb free=31068Kb
 bounds [0x04940000, 0x04af0000, 0x06940000]
 total_blobs=967 nmethods=718 adapters=189
 compilation: enabled

Compilation events (10 events):
Event: 51.893 Thread 0x16ea2000 nmethod 718 0x04ae8288 code [0x04ae8380, 0x04ae8400]
Event: 53.490 Thread 0x16ea2000  719             sun.java2d.SurfaceData::getSurfaceType (5 bytes)
Event: 53.490 Thread 0x16ea2000 nmethod 719 0x04ae8448 code [0x04ae8540, 0x04ae85c0]
Event: 53.590 Thread 0x16ea2000  720             java.awt.geom.RectIterator::<init> (66 bytes)
Event: 53.591 Thread 0x16ea2000 nmethod 720 0x04ae8608 code [0x04ae8730, 0x04ae8890]
Event: 56.141 Thread 0x16ea2000  721             sun.font.CompositeFont::getMapper (24 bytes)
Event: 56.142 Thread 0x16ea2000 nmethod 721 0x04ae8988 code [0x04ae8a90, 0x04ae8b9c]
Event: 57.024 Thread 0x16ea2000  722             javax.swing.SwingUtilities::appContextGet (8 bytes)
Event: 57.024 Thread 0x16ea2000 nmethod 722 0x04ae8c48 code [0x04ae8d50, 0x04ae8df8]
Event: 57.829 Thread 0x16ea2000  723  s          java.lang.Throwable::fillInStackTrace (29 bytes)

GC Heap History (10 events):
Event: 2.401 GC heap before
{Heap before GC invocations=2 (full 0):
 def new generation   total 4928K, used 4418K [0x06a00000, 0x06f50000, 0x0bf50000)
  eden space 4416K, 100% used [0x06a00000, 0x06e50000, 0x06e50000)
  from space 512K,   0% used [0x06e50000, 0x06e50808, 0x06ed0000)
  to   space 512K,   0% used [0x06ed0000, 0x06ed0000, 0x06f50000)
 tenured generation   total 10944K, used 4559K [0x0bf50000, 0x0ca00000, 0x16a00000)
   the space 10944K,  41% used [0x0bf50000, 0x0c3c3df8, 0x0c3c3e00, 0x0ca00000)
 Metaspace       used 7148K, capacity 7265K, committed 7296K, reserved 7552K
Event: 2.406 GC heap after
Heap after GC invocations=3 (full 0):
 def new generation   total 4928K, used 512K [0x06a00000, 0x06f50000, 0x0bf50000)
  eden space 4416K,   0% used [0x06a00000, 0x06a00000, 0x06e50000)
  from space 512K, 100% used [0x06ed0000, 0x06f50000, 0x06f50000)
  to   space 512K,   0% used [0x06e50000, 0x06e50000, 0x06ed0000)
 tenured generation   total 10944K, used 4787K [0x0bf50000, 0x0ca00000, 0x16a00000)
   the space 10944K,  43% used [0x0bf50000, 0x0c3fcf40, 0x0c3fd000, 0x0ca00000)
 Metaspace       used 7148K, capacity 7265K, committed 7296K, reserved 7552K
}
Event: 2.613 GC heap before
{Heap before GC invocations=3 (full 0):
 def new generation   total 4928K, used 4928K [0x06a00000, 0x06f50000, 0x0bf50000)
  eden space 4416K, 100% used [0x06a00000, 0x06e50000, 0x06e50000)
  from space 512K, 100% used [0x06ed0000, 0x06f50000, 0x06f50000)
  to   space 512K,   0% used [0x06e50000, 0x06e50000, 0x06ed0000)
 tenured generation   total 10944K, used 4787K [0x0bf50000, 0x0ca00000, 0x16a00000)
   the space 10944K,  43% used [0x0bf50000, 0x0c3fcf40, 0x0c3fd000, 0x0ca00000)
 Metaspace       used 8063K, capacity 8193K, committed 8320K, reserved 8576K
Event: 2.619 GC heap after
Heap after GC invocations=4 (full 0):
 def new generation   total 4928K, used 512K [0x06a00000, 0x06f50000, 0x0bf50000)
  eden space 4416K,   0% used [0x06a00000, 0x06a00000, 0x06e50000)
  from space 512K, 100% used [0x06e50000, 0x06ed0000, 0x06ed0000)
  to   space 512K,   0% used [0x06ed0000, 0x06ed0000, 0x06f50000)
 tenured generation   total 10944K, used 6458K [0x0bf50000, 0x0ca00000, 0x16a00000)
   the space 10944K,  59% used [0x0bf50000, 0x0c59e8c8, 0x0c59ea00, 0x0ca00000)
 Metaspace       used 8063K, capacity 8193K, committed 8320K, reserved 8576K
}
Event: 23.809 GC heap before
{Heap before GC invocations=4 (full 0):
 def new generation   total 4928K, used 4913K [0x06a00000, 0x06f50000, 0x0bf50000)
  eden space 4416K,  99% used [0x06a00000, 0x06e4c6f8, 0x06e50000)
  from space 512K, 100% used [0x06e50000, 0x06ed0000, 0x06ed0000)
  to   space 512K,   0% used [0x06ed0000, 0x06ed0000, 0x06f50000)
 tenured generation   total 10944K, used 6458K [0x0bf50000, 0x0ca00000, 0x16a00000)
   the space 10944K,  59% used [0x0bf50000, 0x0c59e8c8, 0x0c59ea00, 0x0ca00000)
 Metaspace       used 8517K, capacity 8673K, committed 8704K, reserved 9600K
Event: 23.831 GC heap after
Heap after GC invocations=5 (full 1):
 def new generation   total 5568K, used 0K [0x06a00000, 0x07000000, 0x0bf50000)
  eden space 4992K,   0% used [0x06a00000, 0x06a00000, 0x06ee0000)
  from space 576K,   0% used [0x06ee0000, 0x06ee0000, 0x06f70000)
  to   space 576K,   0% used [0x06f70000, 0x06f70000, 0x07000000)
 tenured generation   total 12156K, used 7292K [0x0bf50000, 0x0cb2f000, 0x16a00000)
   the space 12156K,  59% used [0x0bf50000, 0x0c66f100, 0x0c66f200, 0x0cb2f000)
 Metaspace       used 8516K, capacity 8671K, committed 8704K, reserved 9600K
}
Event: 23.868 GC heap before
{Heap before GC invocations=5 (full 1):
 def new generation   total 5568K, used 4987K [0x06a00000, 0x07000000, 0x0bf50000)
  eden space 4992K,  99% used [0x06a00000, 0x06ededd0, 0x06ee0000)
  from space 576K,   0% used [0x06ee0000, 0x06ee0000, 0x06f70000)
  to   space 576K,   0% used [0x06f70000, 0x06f70000, 0x07000000)
 tenured generation   total 19668K, used 14801K [0x0bf50000, 0x0d285000, 0x16a00000)
   the space 19668K,  75% used [0x0bf50000, 0x0cdc4690, 0x0cdc4800, 0x0d285000)
 Metaspace       used 8516K, capacity 8671K, committed 8704K, reserved 9600K
Event: 23.870 GC heap after
Heap after GC invocations=6 (full 1):
 def new generation   total 5568K, used 1K [0x06a00000, 0x07000000, 0x0bf50000)
  eden space 4992K,   0% used [0x06a00000, 0x06a00000, 0x06ee0000)
  from space 576K,   0% used [0x06f70000, 0x06f706a8, 0x07000000)
  to   space 576K,   0% used [0x06ee0000, 0x06ee0000, 0x06f70000)
 tenured generation   total 19668K, used 14801K [0x0bf50000, 0x0d285000, 0x16a00000)
   the space 19668K,  75% used [0x0bf50000, 0x0cdc4690, 0x0cdc4800, 0x0d285000)
 Metaspace       used 8516K, capacity 8671K, committed 8704K, reserved 9600K
}
Event: 35.318 GC heap before
{Heap before GC invocations=6 (full 1):
 def new generation   total 5568K, used 4993K [0x06a00000, 0x07000000, 0x0bf50000)
  eden space 4992K, 100% used [0x06a00000, 0x06ee0000, 0x06ee0000)
  from space 576K,   0% used [0x06f70000, 0x06f706a8, 0x07000000)
  to   space 576K,   0% used [0x06ee0000, 0x06ee0000, 0x06f70000)
 tenured generation   total 19668K, used 14801K [0x0bf50000, 0x0d285000, 0x16a00000)
   the space 19668K,  75% used [0x0bf50000, 0x0cdc4690, 0x0cdc4800, 0x0d285000)
 Metaspace       used 8553K, capacity 8703K, committed 8832K, reserved 9600K
Event: 35.320 GC heap after
Heap after GC invocations=7 (full 1):
 def new generation   total 5568K, used 68K [0x06a00000, 0x07000000, 0x0bf50000)
  eden space 4992K,   0% used [0x06a00000, 0x06a00000, 0x06ee0000)
  from space 576K,  11% used [0x06ee0000, 0x06ef13d8, 0x06f70000)
  to   space 576K,   0% used [0x06f70000, 0x06f70000, 0x07000000)
 tenured generation   total 19668K, used 14801K [0x0bf50000, 0x0d285000, 0x16a00000)
   the space 19668K,  75% used [0x0bf50000, 0x0cdc4690, 0x0cdc4800, 0x0d285000)
 Metaspace       used 8553K, capacity 8703K, committed 8832K, reserved 9600K
}

Deoptimization events (0 events):
No events

Internal exceptions (10 events):
Event: 57.829 Thread 0x0483d400 Exception <a 'java/lang/IllegalMonitorStateException'> (0x06d53c00) thrown at [C:\re\workspace\8-2-build-windows-i586-cygwin\jdk8u25\1677\hotspot\src\share\vm\interpreter\interpreterRuntime.cpp, line 623]
Event: 57.829 Thread 0x0483d400 Exception <a 'java/lang/IllegalMonitorStateException'> (0x06d53db0) thrown at [C:\re\workspace\8-2-build-windows-i586-cygwin\jdk8u25\1677\hotspot\src\share\vm\interpreter\interpreterRuntime.cpp, line 623]
Event: 57.829 Thread 0x0483d400 Exception <a 'java/lang/IllegalMonitorStateException'> (0x06d53f60) thrown at [C:\re\workspace\8-2-build-windows-i586-cygwin\jdk8u25\1677\hotspot\src\share\vm\interpreter\interpreterRuntime.cpp, line 623]
Event: 57.829 Thread 0x0483d400 Exception <a 'java/lang/IllegalMonitorStateException'> (0x06d54110) thrown at [C:\re\workspace\8-2-build-windows-i586-cygwin\jdk8u25\1677\hotspot\src\share\vm\interpreter\interpreterRuntime.cpp, line 623]
Event: 57.829 Thread 0x0483d400 Exception <a 'java/lang/IllegalMonitorStateException'> (0x06d542c0) thrown at [C:\re\workspace\8-2-build-windows-i586-cygwin\jdk8u25\1677\hotspot\src\share\vm\interpreter\interpreterRuntime.cpp, line 623]
Event: 57.829 Thread 0x0483d400 Exception <a 'java/lang/IllegalMonitorStateException'> (0x06d54470) thrown at [C:\re\workspace\8-2-build-windows-i586-cygwin\jdk8u25\1677\hotspot\src\share\vm\interpreter\interpreterRuntime.cpp, line 623]
Event: 57.829 Thread 0x0483d400 Exception <a 'java/lang/IllegalMonitorStateException'> (0x06d54620) thrown at [C:\re\workspace\8-2-build-windows-i586-cygwin\jdk8u25\1677\hotspot\src\share\vm\interpreter\interpreterRuntime.cpp, line 623]
Event: 57.829 Thread 0x0483d400 Exception <a 'java/lang/IllegalMonitorStateException'> (0x06d547d0) thrown at [C:\re\workspace\8-2-build-windows-i586-cygwin\jdk8u25\1677\hotspot\src\share\vm\interpreter\interpreterRuntime.cpp, line 623]
Event: 57.829 Thread 0x0483d400 Exception <a 'java/lang/IllegalMonitorStateException'> (0x06d54980) thrown at [C:\re\workspace\8-2-build-windows-i586-cygwin\jdk8u25\1677\hotspot\src\share\vm\interpreter\interpreterRuntime.cpp, line 623]
Event: 57.829 Thread 0x0483d400 Exception <a 'java/lang/IllegalMonitorStateException'> (0x06d54b30) thrown at [C:\re\workspace\8-2-build-windows-i586-cygwin\jdk8u25\1677\hotspot\src\share\vm\interpreter\interpreterRuntime.cpp, line 623]

Events (10 events):
Event: 56.998 Executing VM operation: GetOrSetLocal
Event: 56.998 Executing VM operation: GetOrSetLocal done
Event: 56.998 Executing VM operation: GetOrSetLocal
Event: 56.998 Executing VM operation: GetOrSetLocal done
Event: 56.999 Executing VM operation: GetOrSetLocal
Event: 56.999 Executing VM operation: GetOrSetLocal done
Event: 57.050 Executing VM operation: GetOrSetLocal
Event: 57.050 Executing VM operation: GetOrSetLocal done
Event: 57.050 Executing VM operation: GetOrSetLocal
Event: 57.050 Executing VM operation: GetOrSetLocal done


Dynamic libraries:
0x01350000 - 0x01380000 	C:\Program Files (x86)\Java\jre1.8.0_25\bin\javaw.exe
0x77b10000 - 0x77c9d000 	C:\WINDOWS\SYSTEM32\ntdll.dll
0x761b0000 - 0x76280000 	C:\WINDOWS\System32\KERNEL32.DLL
0x76dd0000 - 0x76fa7000 	C:\WINDOWS\System32\KERNELBASE.dll
0x76fb0000 - 0x77028000 	C:\WINDOWS\System32\ADVAPI32.dll
0x769e0000 - 0x76a9d000 	C:\WINDOWS\System32\msvcrt.dll
0x759d0000 - 0x75a13000 	C:\WINDOWS\System32\sechost.dll
0x76d10000 - 0x76dce000 	C:\WINDOWS\System32\RPCRT4.dll
0x74530000 - 0x74550000 	C:\WINDOWS\System32\SspiCli.dll
0x74520000 - 0x7452a000 	C:\WINDOWS\System32\CRYPTBASE.dll
0x76bb0000 - 0x76c07000 	C:\WINDOWS\System32\bcryptPrimitives.dll
0x75e90000 - 0x76005000 	C:\WINDOWS\System32\USER32.dll
0x75ac0000 - 0x75ad6000 	C:\WINDOWS\System32\win32u.dll
0x77030000 - 0x77052000 	C:\WINDOWS\System32\GDI32.dll
0x75d30000 - 0x75e8f000 	C:\WINDOWS\System32\gdi32full.dll
0x75a20000 - 0x75a9c000 	C:\WINDOWS\System32\msvcp_win.dll
0x770f0000 - 0x77207000 	C:\WINDOWS\System32\ucrtbase.dll
0x6fbd0000 - 0x6fde1000 	C:\WINDOWS\WinSxS\x86_microsoft.windows.common-controls_6595b64144ccf1df_6.0.16299.64_none_14403bb93691f395\COMCTL32.dll
0x776f0000 - 0x77936000 	C:\WINDOWS\System32\combase.dll
0x77a90000 - 0x77ab5000 	C:\WINDOWS\System32\IMM32.DLL
0x68b90000 - 0x68c4f000 	C:\Program Files (x86)\Java\jre1.8.0_25\bin\msvcr100.dll
0x69cb0000 - 0x6a054000 	C:\Program Files (x86)\Java\jre1.8.0_25\bin\client\jvm.dll
0x76aa0000 - 0x76aa6000 	C:\WINDOWS\System32\PSAPI.DLL
0x727a0000 - 0x727a8000 	C:\WINDOWS\SYSTEM32\WSOCK32.dll
0x76ab0000 - 0x76b16000 	C:\WINDOWS\System32\WS2_32.dll
0x72b60000 - 0x72b84000 	C:\WINDOWS\SYSTEM32\WINMM.dll
0x72770000 - 0x72793000 	C:\WINDOWS\SYSTEM32\WINMMBASE.dll
0x74550000 - 0x74588000 	C:\WINDOWS\System32\cfgmgr32.dll
0x6eed0000 - 0x6eedc000 	C:\Program Files (x86)\Java\jre1.8.0_25\bin\verify.dll
0x6edb0000 - 0x6edd1000 	C:\Program Files (x86)\Java\jre1.8.0_25\bin\java.dll
0x69780000 - 0x697a9000 	C:\Program Files (x86)\Java\jre1.8.0_25\bin\jdwp.dll
0x69770000 - 0x69777000 	C:\Program Files (x86)\Java\jre1.8.0_25\bin\npt.dll
0x6d390000 - 0x6d3a3000 	C:\Program Files (x86)\Java\jre1.8.0_25\bin\zip.dll
0x74690000 - 0x759c3000 	C:\WINDOWS\System32\SHELL32.dll
0x76b20000 - 0x76ba8000 	C:\WINDOWS\System32\shcore.dll
0x76410000 - 0x769d6000 	C:\WINDOWS\System32\windows.storage.dll
0x77210000 - 0x77255000 	C:\WINDOWS\System32\shlwapi.dll
0x76180000 - 0x7618e000 	C:\WINDOWS\System32\kernel.appcore.dll
0x77ac0000 - 0x77b05000 	C:\WINDOWS\System32\powrprof.dll
0x75aa0000 - 0x75ab4000 	C:\WINDOWS\System32\profapi.dll
0x69760000 - 0x69768000 	C:\Program Files (x86)\Java\jre1.8.0_25\bin\dt_socket.dll
0x6e940000 - 0x6e951000 	C:\WINDOWS\system32\napinsp.dll
0x65f10000 - 0x65f26000 	C:\WINDOWS\system32\pnrpnsp.dll
0x65ef0000 - 0x65f03000 	C:\WINDOWS\system32\NLAapi.dll
0x73bd0000 - 0x73c25000 	C:\WINDOWS\System32\mswsock.dll
0x73920000 - 0x739b4000 	C:\WINDOWS\SYSTEM32\DNSAPI.dll
0x76170000 - 0x76177000 	C:\WINDOWS\System32\NSI.dll
0x739c0000 - 0x739f0000 	C:\WINDOWS\SYSTEM32\IPHLPAPI.DLL
0x6fee0000 - 0x6feec000 	C:\WINDOWS\System32\winrnr.dll
0x6fe80000 - 0x6fece000 	C:\WINDOWS\System32\fwpuclnt.dll
0x73ba0000 - 0x73bb9000 	C:\WINDOWS\SYSTEM32\bcrypt.dll
0x6fed0000 - 0x6fed8000 	C:\Windows\System32\rasadhlp.dll
0x67b30000 - 0x67c76000 	C:\Program Files (x86)\Java\jre1.8.0_25\bin\awt.dll
0x76c10000 - 0x76ca3000 	C:\WINDOWS\System32\OLEAUT32.dll
0x6a8d0000 - 0x6a96a000 	C:\WINDOWS\SYSTEM32\apphelp.dll
0x6f6f0000 - 0x6f713000 	C:\WINDOWS\system32\DWMAPI.DLL
0x6fdf0000 - 0x6fe69000 	C:\WINDOWS\system32\uxtheme.dll
0x77940000 - 0x77a84000 	C:\WINDOWS\System32\MSCTF.dll
0x6eee0000 - 0x6ef67000 	C:\Program Files (x86)\Common Files\Microsoft Shared\Ink\tiptsf.dll
0x76070000 - 0x76167000 	C:\WINDOWS\System32\ole32.dll
0x66bb0000 - 0x66d1c000 	C:\WINDOWS\system32\d3d9.dll
0x62740000 - 0x63139000 	C:\WINDOWS\SYSTEM32\igdumdim32.dll
0x657e0000 - 0x65b5a000 	C:\WINDOWS\SYSTEM32\igdusc32.dll
0x69720000 - 0x69758000 	C:\Program Files (x86)\Java\jre1.8.0_25\bin\fontmanager.dll
0x6bf10000 - 0x6bf25000 	C:\Program Files (x86)\Java\jre1.8.0_25\bin\net.dll
0x6eec0000 - 0x6eecf000 	C:\Program Files (x86)\Java\jre1.8.0_25\bin\nio.dll
0x68b60000 - 0x68b90000 	C:\Program Files (x86)\Java\jre1.8.0_25\bin\t2k.dll
0x6e9f0000 - 0x6ea15000 	C:\Program Files (x86)\Java\jre1.8.0_25\bin\jpeg.dll
0x18150000 - 0x18166000 	C:\Users\Jean\AppData\Local\Temp\1512577854859-jSerialComm.dll
0x6f7e0000 - 0x6f961000 	C:\WINDOWS\SYSTEM32\dbghelp.dll

VM Arguments:
jvm_args: -agentlib:jdwp=transport=dt_socket,suspend=y,address=localhost:51986 -Dfile.encoding=UTF-8 
java_command: de.madana.connector.system.Main
java_class_path (initial): C:\Users\Jean\Documents\GitHub\madana\Playground\dc_connector\target\classes;C:\Users\Jean\.m2\repository\org\jfree\jfreechart\1.0.19\jfreechart-1.0.19.jar;C:\Users\Jean\.m2\repository\org\jfree\jcommon\1.0.24\jcommon-1.0.24.jar;C:\Users\Jean\.m2\repository\com\fazecast\jSerialComm\1.3.11\jSerialComm-1.3.11.jar;C:\Users\Jean\.m2\repository\org\xerial\sqlite-jdbc\3.7.2\sqlite-jdbc-3.7.2.jar;C:\Users\Jean\.m2\repository\com\google\zxing\core\2.2\core-2.2.jar;C:\Users\Jean\.m2\repository\com\google\zxing\javase\2.2\javase-2.2.jar;C:\Users\Jean\Documents\GitHub\madana\Playground\dc_common\datastructures\target\classes;C:\Users\Jean\Documents\GitHub\madana\Playground\dc_common\datastructures\lib\commons-net-3.6.jar;C:\Users\Jean\.m2\repository\org\joda\joda-money\0.12\joda-money-0.12.jar;C:\Users\Jean\.m2\repository\mysql\mysql-connector-java\5.1.42\mysql-connector-java-5.1.42.jar;C:\Users\Jean\.m2\repository\ch\qos\logback\logback-classic\1.1.3\logback-classic-1.1.3.jar;C:\Users\Jean\.m2\repository\ch\qos\logback\logback-core\1.1.3\logback-core-1.1.3.jar;C:\Users\Jean\.m2\repository\org\slf4j\slf4j-api\1.7.7\slf4j-api-1.7.7.jar
Launcher Type: SUN_STANDARD

Environment Variables:
PATH=C:/Program Files (x86)/Java/jre1.8.0_25/bin/client;C:/Program Files (x86)/Java/jre1.8.0_25/bin;C:/Program Files (x86)/Java/jre1.8.0_25/lib/i386;C:\Program Files (x86)\NVIDIA Corporation\PhysX\Common;C:\ProgramData\Oracle\Java\javapath;C:\Program Files (x86)\Intel\iCLS Client\;C:\Program Files\Intel\iCLS Client\;C:\WINDOWS\system32;C:\WINDOWS;C:\WINDOWS\System32\Wbem;C:\WINDOWS\System32\WindowsPowerShell\v1.0\;C:\Program Files (x86)\Windows Live\Shared;C:\Program Files\Intel\Intel(R) Management Engine Components\DAL;C:\Program Files\Intel\Intel(R) Management Engine Components\IPT;C:\Program Files (x86)\Intel\Intel(R) Management Engine Components\DAL;C:\Program Files (x86)\Intel\Intel(R) Management Engine Components\IPT;C:\Program Files (x86)\Intel\OpenCL SDK\2.0\bin\x86;C:\Program Files (x86)\Intel\OpenCL SDK\2.0\bin\x64;C:\Program Files\TortoiseSVN\bin;D:\Programme\jar2exe\;C:\Users\Jean\AppData\Local\Microsoft\WindowsApps;C:\adb;C:\WINDOWS\system32;C:\WINDOWS;C:\WINDOWS\System32\Wbem;C:\WINDOWS\System32\WindowsPowerShell\v1.0\;C:\Program Files\Git\cmd;D:\Programme\Apache\Maven\bin;D:\Programme\Apache\Maven\bin;C:\Program Files\TortoiseGit\bin;C:\Program Files (x86)\Brackets\command;D:\Programme\jar2exe\;C:\Users\Jean\AppData\Local\Microsoft\WindowsApps;D:\Programme\Apache\Maven\bin;;C:\Program Files (x86)\eclipse;
USERNAME=Jean
OS=Windows_NT
PROCESSOR_IDENTIFIER=Intel64 Family 6 Model 58 Stepping 9, GenuineIntel



---------------  S Y S T E M  ---------------

OS: Windows 8.1 , 64 bit Build 9600 

CPU:total 2 (2 cores per cpu, 1 threads per core) family 6 model 58 stepping 9, cmov, cx8, fxsr, mmx, sse, sse2, sse3, ssse3, sse4.1, sse4.2, popcnt, clmul, erms, tsc, tscinvbit, tscinv

Memory: 4k page, physical 6174448k(2189568k free), swap 8668172k(3002220k free)

vm_info: Java HotSpot(TM) Client VM (25.25-b02) for windows-x86 JRE (1.8.0_25-b18), built on Oct  7 2014 14:31:05 by "java_re" with MS VC++ 10.0 (VS2010)

time: Wed Dec 06 17:31:28 2017
elapsed time: 58 seconds (0d 0h 0m 58s)

